<?xml version="1.0" encoding="UTF-8"?>
<robot generator="Robot 4.1 (Python 3.9.6 on win32)" generated="20210810 17:48:13.581" rpa="false" schemaversion="2">
<suite id="s1" name="TestSuite1" source="C:\Users\saif_zaghloul\RobotSample\RobotProject1\test\TestSuite1.robot">
<test id="s1-t1" name="FirstTest">
<kw name="Open Browser" library="SeleniumLibrary">
<arg>${URL}</arg>
<arg>chrome</arg>
<arg>executable_path=${PATH}</arg>
<arg>options=add_argument("--incognito")</arg>
<doc>Opens a new browser instance to the optional ``url``.</doc>
<msg timestamp="20210810 17:48:14.195" level="INFO">Opening browser 'chrome' to base url 'https://www.saucedemo.com/'.</msg>
<status status="PASS" starttime="20210810 17:48:14.194" endtime="20210810 17:48:19.712"/>
</kw>
<kw name="Set Browser Implicit Wait" library="SeleniumLibrary">
<arg>5</arg>
<doc>Sets the implicit wait value used by Selenium.</doc>
<status status="PASS" starttime="20210810 17:48:19.713" endtime="20210810 17:48:19.716"/>
</kw>
<kw name="LoginKW">
<arg>${INVALIDLOGINDATA}[username]</arg>
<arg>${INVALIDLOGINDATA}[password]</arg>
<kw name="Input Text" library="SeleniumLibrary">
<arg>id=user-name</arg>
<arg>${Username}</arg>
<doc>Types the given ``text`` into the text field identified by ``locator``.</doc>
<msg timestamp="20210810 17:48:19.720" level="INFO">Typing text 'invalid_user' into text field 'id=user-name'.</msg>
<status status="PASS" starttime="20210810 17:48:19.718" endtime="20210810 17:48:19.910"/>
</kw>
<kw name="Input Password" library="SeleniumLibrary">
<arg>id=password</arg>
<arg>${Password}</arg>
<doc>Types the given password into the text field identified by ``locator``.</doc>
<msg timestamp="20210810 17:48:19.911" level="INFO">Typing password into text field 'id=password'.</msg>
<msg timestamp="20210810 17:48:19.987" level="INFO">Temporally setting log level to: NONE</msg>
<msg timestamp="20210810 17:48:20.095" level="INFO">Log level changed from NONE to INFO.</msg>
<status status="PASS" starttime="20210810 17:48:19.911" endtime="20210810 17:48:20.095"/>
</kw>
<kw name="Click Button" library="SeleniumLibrary">
<arg>id=login-button</arg>
<doc>Clicks the button identified by ``locator``.</doc>
<msg timestamp="20210810 17:48:20.096" level="INFO">Clicking button 'id=login-button'.</msg>
<status status="PASS" starttime="20210810 17:48:20.096" endtime="20210810 17:48:20.200"/>
</kw>
<status status="PASS" starttime="20210810 17:48:19.717" endtime="20210810 17:48:20.200"/>
</kw>
<kw name="Sleep" library="BuiltIn">
<arg>5</arg>
<doc>Pauses the test executed for the given time.</doc>
<msg timestamp="20210810 17:48:25.208" level="INFO">Slept 5 seconds</msg>
<status status="PASS" starttime="20210810 17:48:20.204" endtime="20210810 17:48:25.208"/>
</kw>
<kw name="Element Should Be Visible" library="SeleniumLibrary">
<arg>class=error-button</arg>
<doc>Verifies that the element identified by ``locator`` is visible.</doc>
<msg timestamp="20210810 17:48:25.250" level="INFO">Element 'class=error-button' is displayed.</msg>
<status status="PASS" starttime="20210810 17:48:25.211" endtime="20210810 17:48:25.251"/>
</kw>
<tag>sanity</tag>
<status status="PASS" starttime="20210810 17:48:14.192" endtime="20210810 17:48:25.252"/>
</test>
<test id="s1-t2" name="SecondTest">
<kw name="Execute Javascript" library="SeleniumLibrary">
<arg>window.open('')</arg>
<doc>Executes the given JavaScript code with possible arguments.</doc>
<msg timestamp="20210810 17:48:25.256" level="INFO">Executing JavaScript:
window.open('')
Without any arguments.</msg>
<status status="PASS" starttime="20210810 17:48:25.255" endtime="20210810 17:48:25.330"/>
</kw>
<kw name="Switch Window" library="SeleniumLibrary">
<arg>locator=NEW</arg>
<doc>Switches to browser window matching ``locator``.</doc>
<status status="PASS" starttime="20210810 17:48:25.331" endtime="20210810 17:48:25.358"/>
</kw>
<kw name="Go To" library="SeleniumLibrary">
<arg>${URL}</arg>
<doc>Navigates the current browser window to the provided ``url``.</doc>
<msg timestamp="20210810 17:48:25.360" level="INFO">Opening url 'https://www.saucedemo.com/'</msg>
<status status="PASS" starttime="20210810 17:48:25.359" endtime="20210810 17:48:25.482"/>
</kw>
<kw name="Set Browser Implicit Wait" library="SeleniumLibrary">
<arg>5</arg>
<doc>Sets the implicit wait value used by Selenium.</doc>
<status status="PASS" starttime="20210810 17:48:25.483" endtime="20210810 17:48:25.489"/>
</kw>
<kw name="LoginKW">
<arg>${LOGINDATA}[username]</arg>
<arg>${LOGINDATA}[password]</arg>
<kw name="Input Text" library="SeleniumLibrary">
<arg>id=user-name</arg>
<arg>${Username}</arg>
<doc>Types the given ``text`` into the text field identified by ``locator``.</doc>
<msg timestamp="20210810 17:48:25.492" level="INFO">Typing text 'standard_user' into text field 'id=user-name'.</msg>
<status status="PASS" starttime="20210810 17:48:25.491" endtime="20210810 17:48:25.659"/>
</kw>
<kw name="Input Password" library="SeleniumLibrary">
<arg>id=password</arg>
<arg>${Password}</arg>
<doc>Types the given password into the text field identified by ``locator``.</doc>
<msg timestamp="20210810 17:48:25.660" level="INFO">Typing password into text field 'id=password'.</msg>
<msg timestamp="20210810 17:48:25.714" level="INFO">Temporally setting log level to: NONE</msg>
<msg timestamp="20210810 17:48:25.813" level="INFO">Log level changed from NONE to INFO.</msg>
<status status="PASS" starttime="20210810 17:48:25.660" endtime="20210810 17:48:25.813"/>
</kw>
<kw name="Click Button" library="SeleniumLibrary">
<arg>id=login-button</arg>
<doc>Clicks the button identified by ``locator``.</doc>
<msg timestamp="20210810 17:48:25.814" level="INFO">Clicking button 'id=login-button'.</msg>
<status status="PASS" starttime="20210810 17:48:25.814" endtime="20210810 17:48:26.003"/>
</kw>
<status status="PASS" starttime="20210810 17:48:25.489" endtime="20210810 17:48:26.003"/>
</kw>
<kw name="Sleep" library="BuiltIn">
<arg>5</arg>
<doc>Pauses the test executed for the given time.</doc>
<msg timestamp="20210810 17:48:31.005" level="INFO">Slept 5 seconds</msg>
<status status="PASS" starttime="20210810 17:48:26.004" endtime="20210810 17:48:31.005"/>
</kw>
<tag>sanity</tag>
<status status="PASS" starttime="20210810 17:48:25.254" endtime="20210810 17:48:31.006"/>
</test>
<test id="s1-t3" name="ThirdTest">
<kw name="Execute Javascript" library="SeleniumLibrary">
<arg>window.open('')</arg>
<doc>Executes the given JavaScript code with possible arguments.</doc>
<msg timestamp="20210810 17:48:31.010" level="INFO">Executing JavaScript:
window.open('')
Without any arguments.</msg>
<status status="PASS" starttime="20210810 17:48:31.009" endtime="20210810 17:48:31.088"/>
</kw>
<kw name="Switch Window" library="SeleniumLibrary">
<arg>locator=NEW</arg>
<doc>Switches to browser window matching ``locator``.</doc>
<status status="PASS" starttime="20210810 17:48:31.089" endtime="20210810 17:48:31.123"/>
</kw>
<kw name="Go To" library="SeleniumLibrary">
<arg>${URL}</arg>
<doc>Navigates the current browser window to the provided ``url``.</doc>
<msg timestamp="20210810 17:48:31.125" level="INFO">Opening url 'https://www.saucedemo.com/'</msg>
<status status="PASS" starttime="20210810 17:48:31.124" endtime="20210810 17:48:31.252"/>
</kw>
<kw name="LoginKW">
<arg>${LOGINDATA}[username]</arg>
<arg>${LOGINDATA}[password]</arg>
<kw name="Input Text" library="SeleniumLibrary">
<arg>id=user-name</arg>
<arg>${Username}</arg>
<doc>Types the given ``text`` into the text field identified by ``locator``.</doc>
<msg timestamp="20210810 17:48:31.257" level="INFO">Typing text 'standard_user' into text field 'id=user-name'.</msg>
<status status="PASS" starttime="20210810 17:48:31.256" endtime="20210810 17:48:31.445"/>
</kw>
<kw name="Input Password" library="SeleniumLibrary">
<arg>id=password</arg>
<arg>${Password}</arg>
<doc>Types the given password into the text field identified by ``locator``.</doc>
<msg timestamp="20210810 17:48:31.446" level="INFO">Typing password into text field 'id=password'.</msg>
<msg timestamp="20210810 17:48:31.520" level="INFO">Temporally setting log level to: NONE</msg>
<msg timestamp="20210810 17:48:31.626" level="INFO">Log level changed from NONE to INFO.</msg>
<status status="PASS" starttime="20210810 17:48:31.445" endtime="20210810 17:48:31.626"/>
</kw>
<kw name="Click Button" library="SeleniumLibrary">
<arg>id=login-button</arg>
<doc>Clicks the button identified by ``locator``.</doc>
<msg timestamp="20210810 17:48:31.627" level="INFO">Clicking button 'id=login-button'.</msg>
<status status="PASS" starttime="20210810 17:48:31.627" endtime="20210810 17:48:31.758"/>
</kw>
<status status="PASS" starttime="20210810 17:48:31.254" endtime="20210810 17:48:31.758"/>
</kw>
<kw name="Sleep" library="BuiltIn">
<arg>5</arg>
<doc>Pauses the test executed for the given time.</doc>
<msg timestamp="20210810 17:48:36.763" level="INFO">Slept 5 seconds</msg>
<status status="PASS" starttime="20210810 17:48:31.760" endtime="20210810 17:48:36.763"/>
</kw>
<kw name="Click Button" library="SeleniumLibrary">
<arg>id=add-to-cart-sauce-labs-backpack</arg>
<doc>Clicks the button identified by ``locator``.</doc>
<msg timestamp="20210810 17:48:36.764" level="INFO">Clicking button 'id=add-to-cart-sauce-labs-backpack'.</msg>
<status status="PASS" starttime="20210810 17:48:36.764" endtime="20210810 17:48:36.838"/>
</kw>
<kw name="Sleep" library="BuiltIn">
<arg>5</arg>
<doc>Pauses the test executed for the given time.</doc>
<msg timestamp="20210810 17:48:41.841" level="INFO">Slept 5 seconds</msg>
<status status="PASS" starttime="20210810 17:48:36.840" endtime="20210810 17:48:41.841"/>
</kw>
<kw name="Click Element" library="SeleniumLibrary">
<arg>class=shopping_cart_link</arg>
<doc>Click the element identified by ``locator``.</doc>
<msg timestamp="20210810 17:48:41.842" level="INFO">Clicking element 'class=shopping_cart_link'.</msg>
<status status="PASS" starttime="20210810 17:48:41.841" endtime="20210810 17:48:41.895"/>
</kw>
<kw name="Sleep" library="BuiltIn">
<arg>5</arg>
<doc>Pauses the test executed for the given time.</doc>
<msg timestamp="20210810 17:48:46.899" level="INFO">Slept 5 seconds</msg>
<status status="PASS" starttime="20210810 17:48:41.897" endtime="20210810 17:48:46.899"/>
</kw>
<kw name="Get WebElements" library="SeleniumLibrary">
<var>@{CartITems}</var>
<arg>class=cart_item</arg>
<doc>Returns a list of WebElement objects matching the ``locator``.</doc>
<msg timestamp="20210810 17:48:46.916" level="INFO">@{CartITems} = [ &lt;selenium.webdriver.remote.webelement.WebElement (session="12a37d4ba3609849292b0a22b35e87e5", element="67b11c61-1195-45c4-8ab5-f813c2f59199")&gt; ]</msg>
<status status="PASS" starttime="20210810 17:48:46.900" endtime="20210810 17:48:46.916"/>
</kw>
<kw name="Should Not Be Empty" library="BuiltIn">
<arg>${CartITems}</arg>
<doc>Verifies that the given item is not empty.</doc>
<msg timestamp="20210810 17:48:46.917" level="INFO">Length is 1</msg>
<status status="PASS" starttime="20210810 17:48:46.917" endtime="20210810 17:48:46.917"/>
</kw>
<tag>sanity</tag>
<status status="PASS" starttime="20210810 17:48:31.008" endtime="20210810 17:48:46.918"/>
</test>
<test id="s1-t4" name="FourthTest">
<kw name="Execute Javascript" library="SeleniumLibrary">
<arg>window.open('')</arg>
<doc>Executes the given JavaScript code with possible arguments.</doc>
<msg timestamp="20210810 17:48:46.922" level="INFO">Executing JavaScript:
window.open('')
Without any arguments.</msg>
<status status="PASS" starttime="20210810 17:48:46.921" endtime="20210810 17:48:47.002"/>
</kw>
<kw name="Switch Window" library="SeleniumLibrary">
<arg>locator=NEW</arg>
<doc>Switches to browser window matching ``locator``.</doc>
<status status="PASS" starttime="20210810 17:48:47.003" endtime="20210810 17:48:47.035"/>
</kw>
<kw name="Go To" library="SeleniumLibrary">
<arg>${URL}</arg>
<doc>Navigates the current browser window to the provided ``url``.</doc>
<msg timestamp="20210810 17:48:47.038" level="INFO">Opening url 'https://www.saucedemo.com/'</msg>
<status status="PASS" starttime="20210810 17:48:47.036" endtime="20210810 17:48:47.151"/>
</kw>
<kw name="LoginKW">
<arg>${LOGINDATA}[username]</arg>
<arg>${LOGINDATA}[password]</arg>
<kw name="Input Text" library="SeleniumLibrary">
<arg>id=user-name</arg>
<arg>${Username}</arg>
<doc>Types the given ``text`` into the text field identified by ``locator``.</doc>
<msg timestamp="20210810 17:48:47.154" level="INFO">Typing text 'standard_user' into text field 'id=user-name'.</msg>
<status status="PASS" starttime="20210810 17:48:47.153" endtime="20210810 17:48:47.332"/>
</kw>
<kw name="Input Password" library="SeleniumLibrary">
<arg>id=password</arg>
<arg>${Password}</arg>
<doc>Types the given password into the text field identified by ``locator``.</doc>
<msg timestamp="20210810 17:48:47.333" level="INFO">Typing password into text field 'id=password'.</msg>
<msg timestamp="20210810 17:48:47.400" level="INFO">Temporally setting log level to: NONE</msg>
<msg timestamp="20210810 17:48:47.477" level="INFO">Log level changed from NONE to INFO.</msg>
<status status="PASS" starttime="20210810 17:48:47.332" endtime="20210810 17:48:47.477"/>
</kw>
<kw name="Click Button" library="SeleniumLibrary">
<arg>id=login-button</arg>
<doc>Clicks the button identified by ``locator``.</doc>
<msg timestamp="20210810 17:48:47.479" level="INFO">Clicking button 'id=login-button'.</msg>
<status status="PASS" starttime="20210810 17:48:47.478" endtime="20210810 17:48:47.599"/>
</kw>
<status status="PASS" starttime="20210810 17:48:47.151" endtime="20210810 17:48:47.599"/>
</kw>
<kw name="Sleep" library="BuiltIn">
<arg>5</arg>
<doc>Pauses the test executed for the given time.</doc>
<msg timestamp="20210810 17:48:52.602" level="INFO">Slept 5 seconds</msg>
<status status="PASS" starttime="20210810 17:48:47.601" endtime="20210810 17:48:52.602"/>
</kw>
<kw name="Click Element" library="SeleniumLibrary">
<arg>class=shopping_cart_link</arg>
<doc>Click the element identified by ``locator``.</doc>
<msg timestamp="20210810 17:48:52.603" level="INFO">Clicking element 'class=shopping_cart_link'.</msg>
<status status="PASS" starttime="20210810 17:48:52.603" endtime="20210810 17:48:52.680"/>
</kw>
<kw name="Sleep" library="BuiltIn">
<arg>5</arg>
<doc>Pauses the test executed for the given time.</doc>
<msg timestamp="20210810 17:48:57.683" level="INFO">Slept 5 seconds</msg>
<status status="PASS" starttime="20210810 17:48:52.681" endtime="20210810 17:48:57.683"/>
</kw>
<kw name="Click Button" library="SeleniumLibrary">
<arg>id=remove-sauce-labs-backpack</arg>
<doc>Clicks the button identified by ``locator``.</doc>
<msg timestamp="20210810 17:48:57.684" level="INFO">Clicking button 'id=remove-sauce-labs-backpack'.</msg>
<status status="PASS" starttime="20210810 17:48:57.684" endtime="20210810 17:48:57.785"/>
</kw>
<kw name="Sleep" library="BuiltIn">
<arg>5</arg>
<doc>Pauses the test executed for the given time.</doc>
<msg timestamp="20210810 17:49:02.788" level="INFO">Slept 5 seconds</msg>
<status status="PASS" starttime="20210810 17:48:57.786" endtime="20210810 17:49:02.788"/>
</kw>
<kw name="Get WebElements" library="SeleniumLibrary">
<var>@{CartITems}</var>
<arg>class=cart_item</arg>
<doc>Returns a list of WebElement objects matching the ``locator``.</doc>
<msg timestamp="20210810 17:49:07.813" level="INFO">@{CartITems} = [ ]</msg>
<status status="PASS" starttime="20210810 17:49:02.789" endtime="20210810 17:49:07.813"/>
</kw>
<kw name="Should Be Empty" library="BuiltIn">
<arg>${CartITems}</arg>
<doc>Verifies that the given item is empty.</doc>
<msg timestamp="20210810 17:49:07.814" level="INFO">Length is 0</msg>
<status status="PASS" starttime="20210810 17:49:07.814" endtime="20210810 17:49:07.814"/>
</kw>
<tag>sanity</tag>
<status status="PASS" starttime="20210810 17:48:46.920" endtime="20210810 17:49:07.815"/>
</test>
<status status="PASS" starttime="20210810 17:48:13.586" endtime="20210810 17:49:07.816"/>
</suite>
<statistics>
<total>
<stat pass="4" fail="0" skip="0">All Tests</stat>
</total>
<tag>
<stat pass="4" fail="0" skip="0">sanity</stat>
</tag>
<suite>
<stat pass="4" fail="0" skip="0" id="s1" name="TestSuite1">TestSuite1</stat>
</suite>
</statistics>
<errors>
</errors>
</robot>
