<?xml version="1.0" encoding="UTF-8"?>
<robot generator="Robot 4.0.3 (Python 3.10.2 on win32)" generated="20220810 14:46:48.334" rpa="false" schemaversion="2">
<suite id="s1" name="TestSuite1" source="C:\Users\Deena_elmenshawy\Desktop\Summer_Academy\RobotProject1\test\TestSuite1.robot">
<test id="s1-t1" name="OpenWebSiteWithInvalidCredentials">
<kw name="Open Browser" library="SeleniumLibrary">
<arg>${URL}</arg>
<arg>chrome</arg>
<arg>executable_path=${PATH}</arg>
<arg>options=add_argument("--incognito")</arg>
<doc>Opens a new browser instance to the optional ``url``.</doc>
<msg timestamp="20220810 14:46:48.848" level="INFO">Opening browser 'chrome' to base url 'https://www.saucedemo.com/'.</msg>
<status status="PASS" starttime="20220810 14:46:48.848" endtime="20220810 14:46:53.332"/>
</kw>
<kw name="Set Browser Implicit Wait" library="SeleniumLibrary">
<arg>5</arg>
<doc>Sets the implicit wait value used by Selenium.</doc>
<status status="PASS" starttime="20220810 14:46:53.332" endtime="20220810 14:46:53.334"/>
</kw>
<kw name="LoginKW">
<arg>${INVALIDLOGINDATA}[username]</arg>
<arg>${INVALIDLOGINDATA}[password]</arg>
<kw name="Input Text" library="SeleniumLibrary">
<arg>id=user-name</arg>
<arg>${Username}</arg>
<doc>Types the given ``text`` into the text field identified by ``locator``.</doc>
<msg timestamp="20220810 14:46:53.338" level="INFO">Typing text 'invalid_user' into text field 'id=user-name'.</msg>
<status status="PASS" starttime="20220810 14:46:53.337" endtime="20220810 14:46:53.470"/>
</kw>
<kw name="Input Password" library="SeleniumLibrary">
<arg>id=password</arg>
<arg>${Password}</arg>
<doc>Types the given password into the text field identified by ``locator``.</doc>
<msg timestamp="20220810 14:46:53.471" level="INFO">Typing password into text field 'id=password'.</msg>
<msg timestamp="20220810 14:46:53.519" level="INFO">Temporally setting log level to: NONE</msg>
<msg timestamp="20220810 14:46:53.584" level="INFO">Log level changed from NONE to INFO.</msg>
<status status="PASS" starttime="20220810 14:46:53.471" endtime="20220810 14:46:53.584"/>
</kw>
<kw name="Click Button" library="SeleniumLibrary">
<arg>id=login-button</arg>
<doc>Clicks the button identified by ``locator``.</doc>
<msg timestamp="20220810 14:46:53.585" level="INFO">Clicking button 'id=login-button'.</msg>
<status status="PASS" starttime="20220810 14:46:53.585" endtime="20220810 14:46:53.645"/>
</kw>
<status status="PASS" starttime="20220810 14:46:53.335" endtime="20220810 14:46:53.646"/>
</kw>
<kw name="Sleep" library="BuiltIn">
<arg>5</arg>
<doc>Pauses the test executed for the given time.</doc>
<msg timestamp="20220810 14:46:58.650" level="INFO">Slept 5 seconds</msg>
<status status="PASS" starttime="20220810 14:46:53.646" endtime="20220810 14:46:58.650"/>
</kw>
<kw name="Element Should Be Visible" library="SeleniumLibrary">
<arg>class=error-button</arg>
<doc>Verifies that the element identified by ``locator`` is visible.</doc>
<msg timestamp="20220810 14:46:58.679" level="INFO">Element 'class=error-button' is displayed.</msg>
<status status="PASS" starttime="20220810 14:46:58.651" endtime="20220810 14:46:58.679"/>
</kw>
<kw name="Pause Execution" library="Dialogs">
<arg>Press OK</arg>
<doc>Pauses test execution until user clicks ``Ok`` button.</doc>
<status status="PASS" starttime="20220810 14:46:58.679" endtime="20220810 14:47:06.470"/>
</kw>
<tag>sanity</tag>
<status status="PASS" starttime="20220810 14:46:48.847" endtime="20220810 14:47:06.471"/>
</test>
<test id="s1-t2" name="OpenWebSiteWithValidCredentials">
<kw name="Execute Javascript" library="SeleniumLibrary">
<arg>window.open('')</arg>
<doc>Executes the given JavaScript code with possible arguments.</doc>
<msg timestamp="20220810 14:47:06.477" level="INFO">Executing JavaScript:
window.open('')
Without any arguments.</msg>
<status status="PASS" starttime="20220810 14:47:06.475" endtime="20220810 14:47:06.523"/>
</kw>
<kw name="Switch Window" library="SeleniumLibrary">
<arg>locator=NEW</arg>
<doc>Switches to browser window matching ``locator``.</doc>
<status status="PASS" starttime="20220810 14:47:06.524" endtime="20220810 14:47:06.541"/>
</kw>
<kw name="Go To" library="SeleniumLibrary">
<arg>${URL}</arg>
<doc>Navigates the current browser window to the provided ``url``.</doc>
<msg timestamp="20220810 14:47:06.542" level="INFO">Opening url 'https://www.saucedemo.com/'</msg>
<status status="PASS" starttime="20220810 14:47:06.542" endtime="20220810 14:47:06.616"/>
</kw>
<kw name="Set Browser Implicit Wait" library="SeleniumLibrary">
<arg>5</arg>
<doc>Sets the implicit wait value used by Selenium.</doc>
<status status="PASS" starttime="20220810 14:47:06.617" endtime="20220810 14:47:06.619"/>
</kw>
<kw name="LoginKW">
<arg>${LOGINDATA}[username]</arg>
<arg>${LOGINDATA}[password]</arg>
<kw name="Input Text" library="SeleniumLibrary">
<arg>id=user-name</arg>
<arg>${Username}</arg>
<doc>Types the given ``text`` into the text field identified by ``locator``.</doc>
<msg timestamp="20220810 14:47:06.621" level="INFO">Typing text 'standard_user' into text field 'id=user-name'.</msg>
<status status="PASS" starttime="20220810 14:47:06.621" endtime="20220810 14:47:06.726"/>
</kw>
<kw name="Input Password" library="SeleniumLibrary">
<arg>id=password</arg>
<arg>${Password}</arg>
<doc>Types the given password into the text field identified by ``locator``.</doc>
<msg timestamp="20220810 14:47:06.727" level="INFO">Typing password into text field 'id=password'.</msg>
<msg timestamp="20220810 14:47:06.765" level="INFO">Temporally setting log level to: NONE</msg>
<msg timestamp="20220810 14:47:06.815" level="INFO">Log level changed from NONE to INFO.</msg>
<status status="PASS" starttime="20220810 14:47:06.726" endtime="20220810 14:47:06.815"/>
</kw>
<kw name="Click Button" library="SeleniumLibrary">
<arg>id=login-button</arg>
<doc>Clicks the button identified by ``locator``.</doc>
<msg timestamp="20220810 14:47:06.816" level="INFO">Clicking button 'id=login-button'.</msg>
<status status="PASS" starttime="20220810 14:47:06.816" endtime="20220810 14:47:06.929"/>
</kw>
<status status="PASS" starttime="20220810 14:47:06.620" endtime="20220810 14:47:06.930"/>
</kw>
<kw name="Pause Execution" library="Dialogs">
<arg>Press OK</arg>
<doc>Pauses test execution until user clicks ``Ok`` button.</doc>
<status status="PASS" starttime="20220810 14:47:06.930" endtime="20220810 14:47:13.013"/>
</kw>
<tag>sanity</tag>
<status status="PASS" starttime="20220810 14:47:06.472" endtime="20220810 14:47:13.015"/>
</test>
<test id="s1-t3" name="AddItemToCartAndCheckCartAfterwards">
<kw name="Execute Javascript" library="SeleniumLibrary">
<arg>window.open('')</arg>
<doc>Executes the given JavaScript code with possible arguments.</doc>
<msg timestamp="20220810 14:47:13.021" level="INFO">Executing JavaScript:
window.open('')
Without any arguments.</msg>
<status status="PASS" starttime="20220810 14:47:13.020" endtime="20220810 14:47:13.092"/>
</kw>
<kw name="Switch Window" library="SeleniumLibrary">
<arg>locator=NEW</arg>
<doc>Switches to browser window matching ``locator``.</doc>
<status status="PASS" starttime="20220810 14:47:13.093" endtime="20220810 14:47:13.116"/>
</kw>
<kw name="Go To" library="SeleniumLibrary">
<arg>${URL}</arg>
<doc>Navigates the current browser window to the provided ``url``.</doc>
<msg timestamp="20220810 14:47:13.117" level="INFO">Opening url 'https://www.saucedemo.com/'</msg>
<status status="PASS" starttime="20220810 14:47:13.116" endtime="20220810 14:47:13.200"/>
</kw>
<kw name="LoginKW">
<arg>${LOGINDATA}[username]</arg>
<arg>${LOGINDATA}[password]</arg>
<kw name="Input Text" library="SeleniumLibrary">
<arg>id=user-name</arg>
<arg>${Username}</arg>
<doc>Types the given ``text`` into the text field identified by ``locator``.</doc>
<msg timestamp="20220810 14:47:13.207" level="INFO">Typing text 'standard_user' into text field 'id=user-name'.</msg>
<status status="PASS" starttime="20220810 14:47:13.206" endtime="20220810 14:47:13.349"/>
</kw>
<kw name="Input Password" library="SeleniumLibrary">
<arg>id=password</arg>
<arg>${Password}</arg>
<doc>Types the given password into the text field identified by ``locator``.</doc>
<msg timestamp="20220810 14:47:13.350" level="INFO">Typing password into text field 'id=password'.</msg>
<msg timestamp="20220810 14:47:13.399" level="INFO">Temporally setting log level to: NONE</msg>
<msg timestamp="20220810 14:47:13.465" level="INFO">Log level changed from NONE to INFO.</msg>
<status status="PASS" starttime="20220810 14:47:13.349" endtime="20220810 14:47:13.465"/>
</kw>
<kw name="Click Button" library="SeleniumLibrary">
<arg>id=login-button</arg>
<doc>Clicks the button identified by ``locator``.</doc>
<msg timestamp="20220810 14:47:13.466" level="INFO">Clicking button 'id=login-button'.</msg>
<status status="PASS" starttime="20220810 14:47:13.466" endtime="20220810 14:47:13.632"/>
</kw>
<status status="PASS" starttime="20220810 14:47:13.204" endtime="20220810 14:47:13.633"/>
</kw>
<kw name="Get Text" library="SeleniumLibrary">
<var>${ItemPrice}</var>
<arg>class=inventory_item_price</arg>
<doc>Returns the text value of the element identified by ``locator``.</doc>
<msg timestamp="20220810 14:47:13.668" level="INFO">${ItemPrice} = $29.99</msg>
<status status="PASS" starttime="20220810 14:47:13.634" endtime="20220810 14:47:13.668"/>
</kw>
<kw name="Remove String" library="String">
<var>${ItemPrice}</var>
<arg>${ItemPrice}</arg>
<arg>$</arg>
<doc>Removes all ``removables`` from the given ``string``.</doc>
<msg timestamp="20220810 14:47:13.670" level="INFO">${ItemPrice} = 29.99</msg>
<status status="PASS" starttime="20220810 14:47:13.669" endtime="20220810 14:47:13.670"/>
</kw>
<kw name="Convert To Number" library="BuiltIn">
<var>${ItemPrice}</var>
<arg>${ItemPrice}</arg>
<doc>Converts the given item to a floating point number.</doc>
<msg timestamp="20220810 14:47:13.671" level="INFO">${ItemPrice} = 29.99</msg>
<status status="PASS" starttime="20220810 14:47:13.670" endtime="20220810 14:47:13.671"/>
</kw>
<kw name="Click Button" library="SeleniumLibrary">
<arg>id=add-to-cart-sauce-labs-backpack</arg>
<doc>Clicks the button identified by ``locator``.</doc>
<msg timestamp="20220810 14:47:13.672" level="INFO">Clicking button 'id=add-to-cart-sauce-labs-backpack'.</msg>
<status status="PASS" starttime="20220810 14:47:13.671" endtime="20220810 14:47:13.760"/>
</kw>
<kw name="Sleep" library="BuiltIn">
<arg>10</arg>
<doc>Pauses the test executed for the given time.</doc>
<status status="FAIL" starttime="20220810 14:47:13.761" endtime="20220810 14:47:18.494"/>
</kw>
<kw name="Click Element" library="SeleniumLibrary">
<arg>class=shopping_cart_link</arg>
<doc>Click the element identified by ``locator``.</doc>
<status status="NOT RUN" starttime="20220810 14:47:18.495" endtime="20220810 14:47:18.496"/>
</kw>
<kw name="Get WebElements" library="SeleniumLibrary">
<var>@{CartITems}</var>
<arg>class=cart_item</arg>
<doc>Returns a list of WebElement objects matching the ``locator``.</doc>
<status status="NOT RUN" starttime="20220810 14:47:18.496" endtime="20220810 14:47:18.496"/>
</kw>
<kw name="Should Not Be Empty" library="BuiltIn">
<arg>${CartITems}</arg>
<doc>Verifies that the given item is not empty.</doc>
<status status="NOT RUN" starttime="20220810 14:47:18.496" endtime="20220810 14:47:18.497"/>
</kw>
<kw name="Pause Execution" library="Dialogs">
<arg>Press OK</arg>
<doc>Pauses test execution until user clicks ``Ok`` button.</doc>
<status status="NOT RUN" starttime="20220810 14:47:18.497" endtime="20220810 14:47:18.497"/>
</kw>
<kw name="Set Global Variable" library="BuiltIn">
<arg>${ItemPrice}</arg>
<doc>Makes a variable available globally in all tests and suites.</doc>
<status status="NOT RUN" starttime="20220810 14:47:18.497" endtime="20220810 14:47:18.497"/>
</kw>
<tag>sanity</tag>
<status status="FAIL" starttime="20220810 14:47:13.018" endtime="20220810 14:47:18.498">Execution terminated by signal</status>
</test>
<test id="s1-t4" name="RemoveItemFromCartAndCheckCartAfterwards">
<tag>robot:exit</tag>
<tag>sanity</tag>
<status status="FAIL" starttime="20220810 14:47:18.500" endtime="20220810 14:47:18.501">Test execution stopped due to a fatal error.</status>
</test>
<status status="FAIL" starttime="20220810 14:46:48.338" endtime="20220810 14:47:18.503"/>
</suite>
<statistics>
<total>
<stat pass="2" fail="2" skip="0">All Tests</stat>
</total>
<tag>
<stat pass="2" fail="1" skip="0" info="combined" combined="NOT robot:exit">NOT robot:exit</stat>
<stat pass="0" fail="1" skip="0">robot:exit</stat>
<stat pass="2" fail="2" skip="0">sanity</stat>
</tag>
<suite>
<stat pass="2" fail="2" skip="0" id="s1" name="TestSuite1">TestSuite1</stat>
</suite>
</statistics>
<errors>
</errors>
</robot>
